1538224682522	mozrunner::runner	INFO	Running command: "C:\\Program Files\\Mozilla Firefox\\firefox.exe" "-marionette" "-foreground" "-no-remote" "-profile" "C:\\Users\\NISHAN~1\\AppData\\Local\\Temp\\rust_mozprofile.A26jm2qWRcA9"
1538224684533	Marionette	INFO	Listening on port 17861
1538224684634	Marionette	WARN	TLS certificate errors will be ignored for this session
1538224684657	Marionette	DEBUG	[6442450945] Frame script loaded
1538224684659	Marionette	DEBUG	[6442450945] Frame script registered
1538224684675	Marionette	DEBUG	[6442450945] Received DOM event beforeunload for about:blank
1538224685778	Marionette	DEBUG	[6442450945] Received DOM event pagehide for about:blank
1538224686936	Marionette	DEBUG	[6442450945] Received DOM event DOMContentLoaded for https://internshala.com/internships/computer%20science-internship-in-mumbai
1538224688766	Marionette	DEBUG	[6442450945] Received DOM event pageshow for https://internshala.com/internships/computer%20science-internship-in-mumbai
1538224688778	Marionette	INFO	Stopped listening on port 17861
[Parent 11148, Gecko_IOThread] WARNING: pipe error: 109: file z:/build/build/src/ipc/chromium/src/chrome/common/ipc_channel_win.cc, line 346
[Child 9708, Chrome_ChildThread] WARNING: pipe error: 109: file z:/build/build/src/ipc/chromium/src/chrome/common/ipc_channel_win.cc, line 346
[Child 10820, Chrome_ChildThread] WARNING: pipe error: 109: file z:/build/build/src/ipc/chromium/src/chrome/common/ipc_channel_win.cc, line 346
[Child 10820, Chrome_ChildThread] WARNING: pipe error: 109: file z:/build/build/src/ipc/chromium/src/chrome/common/ipc_channel_win.cc, line 346
[Parent 11148, Gecko_IOThread] WARNING: pipe error: 109: file z:/build/build/src/ipc/chromium/src/chrome/common/ipc_channel_win.cc, line 346
[Child 10940, Chrome_ChildThread] WARNING: pipe error: 109: file z:/build/build/src/ipc/chromium/src/chrome/common/ipc_channel_win.cc, line 346
[Child 10940, Chrome_ChildThread] WARNING: pipe error: 109: file z:/build/build/src/ipc/chromium/src/chrome/common/ipc_channel_win.cc, line 346
[GPU 5632, Chrome_ChildThread] WARNING: pipe error: 109: file z:/build/build/src/ipc/chromium/src/chrome/common/ipc_channel_win.cc, line 346

###!!! [Child][MessageChannel::SendAndWait] Error: Channel error: cannot send/recv

1538224709723	mozrunner::runner	INFO	Running command: "C:\\Program Files\\Mozilla Firefox\\firefox.exe" "-marionette" "-foreground" "-no-remote" "-profile" "C:\\Users\\NISHAN~1\\AppData\\Local\\Temp\\rust_mozprofile.TSYfhtEKfcLP"
1538224711670	Marionette	INFO	Listening on port 17973
1538224711840	Marionette	WARN	TLS certificate errors will be ignored for this session
1538224711864	Marionette	DEBUG	[6442450945] Frame script loaded
1538224711866	Marionette	DEBUG	[6442450945] Frame script registered
1538224711879	Marionette	DEBUG	[6442450945] Received DOM event beforeunload for about:blank
1538224713453	Marionette	DEBUG	[6442450945] Received DOM event pagehide for about:blank
1538224720331	Marionette	DEBUG	[6442450945] Received DOM event DOMContentLoaded for https://www.reddit.com/
1538224727204	Marionette	DEBUG	[6442450945] Received DOM event pageshow for https://www.reddit.com/
1538224727230	Marionette	INFO	Stopped listening on port 17973
IPDL protocol error: Handler returned error code!

###!!! [Parent][DispatchAsyncMessage] Error: PImageBridge::Msg_Update Processing error: message was deserialized, but the handler returned false (indicating failure)

[Parent 8300, Gecko_IOThread] WARNING: pipe error: 109: file z:/build/build/src/ipc/chromium/src/chrome/common/ipc_channel_win.cc, line 346
[Child 4728, Chrome_ChildThread] WARNING: pipe error: 109: file z:/build/build/src/ipc/chromium/src/chrome/common/ipc_channel_win.cc, line 346
[Child 7632, Chrome_ChildThread] WARNING: pipe error: 109: file z:/build/build/src/ipc/chromium/src/chrome/common/ipc_channel_win.cc, line 346
[Child 7632, Chrome_ChildThread] WARNING: pipe error: 109: file z:/build/build/src/ipc/chromium/src/chrome/common/ipc_channel_win.cc, line 346
[Parent 8300, Gecko_IOThread] WARNING: pipe error: 109: file z:/build/build/src/ipc/chromium/src/chrome/common/ipc_channel_win.cc, line 346
[Child 11792, Chrome_ChildThread] WARNING: pipe error: 109: file z:/build/build/src/ipc/chromium/src/chrome/common/ipc_channel_win.cc, line 346
[Child 11792, Chrome_ChildThread] WARNING: pipe error: 109: file z:/build/build/src/ipc/chromium/src/chrome/common/ipc_channel_win.cc, line 346
[GPU 9472, Chrome_ChildThread] WARNING: pipe error: 109: file z:/build/build/src/ipc/chromium/src/chrome/common/ipc_channel_win.cc, line 346

###!!! [Child][MessageChannel::SendAndWait] Error: Channel error: cannot send/recv

1538224765784	mozrunner::runner	INFO	Running command: "C:\\Program Files\\Mozilla Firefox\\firefox.exe" "-marionette" "-foreground" "-no-remote" "-profile" "C:\\Users\\NISHAN~1\\AppData\\Local\\Temp\\rust_mozprofile.45RQrbDotkBw"
1538224767717	Marionette	INFO	Listening on port 18127
1538224767895	Marionette	WARN	TLS certificate errors will be ignored for this session
1538224767919	Marionette	DEBUG	[6442450945] Frame script loaded
1538224767920	Marionette	DEBUG	[6442450945] Frame script registered
1538224767934	Marionette	DEBUG	[6442450945] Received DOM event beforeunload for about:blank
1538224769995	Marionette	DEBUG	[6442450945] Received DOM event pagehide for about:blank
1538224775740	Marionette	DEBUG	[6442450945] Received DOM event DOMContentLoaded for https://www.reddit.com/
1538224783159	Marionette	DEBUG	[6442450945] Received DOM event pageshow for https://www.reddit.com/
1538224783183	Marionette	INFO	Stopped listening on port 18127
[Child 5500, Chrome_ChildThread] WARNING: pipe error: 109: file z:/build/build/src/ipc/chromium/src/chrome/common/ipc_channel_win.cc, line 346
[Child 5500, Chrome_ChildThread] WARNING: pipe error: 109: file z:/build/build/src/ipc/chromium/src/chrome/common/ipc_channel_win.cc, line 346
IPDL protocol error: Handler returned error code!

###!!! [Parent][DispatchAsyncMessage] Error: PImageBridge::Msg_Update Processing error: message was deserialized, but the handler returned false (indicating failure)

IPDL protocol error: Handler returned error code!

###!!! [Parent][DispatchAsyncMessage] Error: PImageBridge::Msg_Update Processing error: message was deserialized, but the handler returned false (indicating failure)

[GPU 9796, Chrome_ChildThread] WARNING: pipe error: 109: file z:/build/build/src/ipc/chromium/src/chrome/common/ipc_channel_win.cc, line 346

###!!! [Child][MessageChannel::SendAndWait] Error: Channel error: cannot send/recv

1538226752399	mozrunner::runner	INFO	Running command: "C:\\Program Files\\Mozilla Firefox\\firefox.exe" "-marionette" "-foreground" "-no-remote" "-profile" "C:\\Users\\NISHAN~1\\AppData\\Local\\Temp\\rust_mozprofile.94vMIThRaUEJ"
1538226754440	Marionette	INFO	Listening on port 22369
1538226754508	Marionette	WARN	TLS certificate errors will be ignored for this session
1538226754532	Marionette	DEBUG	[6442450945] Frame script loaded
1538226754533	Marionette	DEBUG	[6442450945] Frame script registered
1538226754557	Marionette	DEBUG	[6442450945] Received DOM event beforeunload for about:blank
1538226757083	Marionette	DEBUG	[6442450945] Received DOM event pagehide for about:blank
1538226764655	Marionette	DEBUG	[6442450945] Received DOM event DOMContentLoaded for https://www.reddit.com/r/ProgrammerHumor/
1538226771489	Marionette	DEBUG	[6442450945] Received DOM event pageshow for https://www.reddit.com/r/ProgrammerHumor/
[Child 1344, Chrome_ChildThread] WARNING: pipe error: 109: file z:/build/build/src/ipc/chromium/src/chrome/common/ipc_channel_win.cc, line 346
[Child 11752, Chrome_ChildThread] WARNING: pipe error: 109: file z:/build/build/src/ipc/chromium/src/chrome/common/ipc_channel_win.cc, line 346
[Child 11752, Chrome_ChildThread] WARNING: pipe error: 109: file z:/build/build/src/ipc/chromium/src/chrome/common/ipc_channel_win.cc, line 346
[Child 1604, Chrome_ChildThread] WARNING: pipe error: 109: file z:/build/build/src/ipc/chromium/src/chrome/common/ipc_channel_win.cc, line 346
[Child 1604, Chrome_ChildThread] WARNING: pipe error: 109: file z:/build/build/src/ipc/chromium/src/chrome/common/ipc_channel_win.cc, line 346
1538227010747	Marionette	INFO	Stopped listening on port 22369
[GPU 12348, Chrome_ChildThread] WARNING: pipe error: 109: file z:/build/build/src/ipc/chromium/src/chrome/common/ipc_channel_win.cc, line 346

###![Parent 12560, Gecko_IOThread] WARNING: pipe error: 109: file z:/build/build/src/ipc/chromium/src/chrome/common/ipc_channel_win.cc, line 346
[Parent 12560, Gecko_IOThread] WARNING: pipe error: 109: file z:/build/build/src/ipc/chromium/src/chrome/common/ipc_channel_win.cc, line 346
[Child 10856, Chrome_ChildThread] WARNING: pipe error: 109: file z:/build/build/src/ipc/chromium/src/chrome/common/ipc_channel_win.cc, line 346
[Child 10856, Chrome_ChildThread] WARNING: pipe error: 109: file z:/build/build/src/ipc/chromium/src/chrome/common/ipc_channel_win.cc, line 346
[Parent 12560, Gecko_IOThread] WARNING: pipe error: 109: file z:/build/build/src/ipc/chromium/src/chrome/common/ipc_channel_win.cc, line 346
[Child 8640, Chrome_ChildThread] WARNING: pipe error: 109: file z:/build/build/src/ipc/chromium/src/chrome/common/ipc_channel_win.cc, line 346
[Child 8640, Chrome_ChildThread] WARNING: pipe error: 109: file z:/build/build/src/ipc/chromium/src/chrome/common/ipc_channel_win.cc, line 346
1538227011386	Marionette	INFO	Stopped listening on port 22588
[GPU 12948, Chrome_ChildThread] WARNING: pipe error: 109: file z:/build/build/src/ipc/chromium/src/chrome/common/ipc_channel_win.cc, line 346

###!!! [Child][MessageChannel::SendAndWait] Error: Channel error: cannot send/recv

1538227028313	mozrunner::runner	INFO	Running command: "C:\\Program Files\\Mozilla Firefox\\firefox.exe" "-marionette" "-foreground" "-no-remote" "-profile" "C:\\Users\\NISHAN~1\\AppData\\Local\\Temp\\rust_mozprofile.bNDUMY1Wqllp"
1538227030567	Marionette	INFO	Listening on port 23139
1538227031026	Marionette	WARN	TLS certificate errors will be ignored for this session
1538227031068	Marionette	DEBUG	[6442450945] Frame script loaded
1538227031070	Marionette	DEBUG	[6442450945] Frame script registered
1538227031086	Marionette	DEBUG	[6442450945] Received DOM event beforeunload for about:blank
1538227032766	Marionette	DEBUG	[6442450945] Received DOM event pagehide for about:blank
1538227039478	Marionette	DEBUG	[6442450945] Received DOM event DOMContentLoaded for https://www.reddit.com/r/ProgrammerHumor/
1538227046642	Marionette	DEBUG	[6442450945] Received DOM event pageshow for https://www.reddit.com/r/ProgrammerHumor/
1538227046742	Marionette	INFO	Stopped listening on port 23139
[Child 13124, Chrome_ChildThread] WARNING: pipe error: 109: file z:/build/build/src/ipc/chromium/src/chrome/common/ipc_channel_win.cc, line 346
[Child 13124, Chrome_ChildThread] WARNING: pipe error: 109: file z:/build/build/src/ipc/chromium/src/chrome/common/ipc_channel_win.cc, line 346
JavaScript error: https://secure.quantserve.com/aquant.js?a=p-xLEyC0FLYFXAH, line 19: NS_ERROR_UNEXPECTED: 
[Parent 164, Gecko_IOThread] WARNING: pipe error: 109: file z:/build/build/src/ipc/chromium/src/chrome/common/ipc_channel_win.cc, line 346
[Parent 164, Gecko_IOThread] WARNING: pipe error: 109: file z:/build/build/src/ipc/chromium/src/chrome/common/ipc_channel_win.cc, line 346
[Child 10340, Chrome_ChildThread] WARNING: pipe error: 109: file z:/build/build/src/ipc/chromium/src/chrome/common/ipc_channel_win.cc, line 346
[Child 10340, Chrome_ChildThread] WARNING: pipe error: 109: file z:/build/build/src/ipc/chromium/src/chrome/common/ipc_channel_win.cc, line 346
[GPU 11484, Chrome_ChildThread] WARNING: pipe error: 109: file z:/build/build/src/ipc/chromium/src/chrome/common/ipc_channel_win.cc, line 346

###!!! [Child][MessageChannel::SendAndWait] Error: Channel error: cannot send/recv

